simple 2024/10/19 09:29:42 [<nil>]
simple 2024/10/19 09:31:12 tokens:  
simple 2024/10/20 05:55:59 
simple 2024/10/20 05:55:59 ams3
simple 2024/10/20 05:55:59 ams3
simple 2024/10/20 05:55:59 ams3
simple 2024/10/20 05:55:59 ams3
simple 2024/10/20 05:56:02 ams3
simple 2024/10/20 05:56:03 ams3
simple 2024/10/20 05:56:03 ams3
simple 2024/10/20 05:56:03 ams3
simple 2024/10/20 05:56:03 ams3
simple 2024/10/20 05:56:03 ams3
simple 2024/10/20 05:56:04 ams3
simple 2024/10/20 05:56:04 ams3
simple 2024/10/20 05:56:04 ams3
simple 2024/10/20 05:56:05 ams3
simple 2024/10/20 05:56:05 ams3
simple 2024/10/20 05:56:05 ams3
simple 2024/10/20 05:56:05 ams3
simple 2024/10/20 05:56:06 ams3
simple 2024/10/20 05:56:06 ams3
simple 2024/10/20 05:56:06 ams3
simple 2024/10/20 05:56:06 ams3
simple 2024/10/20 05:56:07 ams3
simple 2024/10/20 05:56:09 ams3
simple 2024/10/20 05:56:09 ams3
simple 2024/10/20 05:56:10 ams3
simple 2024/10/20 05:56:10 ams3
simple 2024/10/20 05:56:10 ams3
simple 2024/10/20 05:56:10 ams3
simple 2024/10/20 05:56:10 ams3
simple 2024/10/20 05:56:11 ams3
simple 2024/10/20 05:56:11 ams3
simple 2024/10/20 05:56:11 ams3
simple 2024/10/20 05:56:12 ams3
simple 2024/10/20 05:56:12 ams3
simple 2024/10/20 05:56:12 ams3
simple 2024/10/20 05:56:12 ams3
simple 2024/10/20 05:56:13 ams3
simple 2024/10/20 05:56:13 ams3
simple 2024/10/20 05:56:14 ams3
simple 2024/10/20 05:56:14 ams3
simple 2024/10/20 05:56:14 ams3
simple 2024/10/20 05:56:14 ams3
simple 2024/10/20 05:56:14 ams3
simple 2024/10/20 05:56:14 ams3
simple 2024/10/20 05:56:14 ams3
simple 2024/10/20 05:56:14 ams3
simple 2024/10/20 05:56:15 ams3
simple 2024/10/20 05:56:15 ams3
simple 2024/10/20 05:56:15 ams3
simple 2024/10/20 05:56:15 ams3
simple 2024/10/20 05:56:16 ams3
simple 2024/10/20 05:56:18 ams3
simple 2024/10/20 05:56:18 ams3
simple 2024/10/20 05:56:18 ams3
simple 2024/10/20 05:56:20 ams3
simple 2024/10/20 05:56:20 ams3
simple 2024/10/20 05:56:20 ams3
simple 2024/10/20 05:56:20 ams3
simple 2024/10/20 05:56:21 ams3
simple 2024/10/20 05:56:21 ams3
simple 2024/10/20 05:56:22 ams3
simple 2024/10/20 05:56:22 ams3
simple 2024/10/20 05:56:22 ams3
simple 2024/10/20 05:56:22 ams3
simple 2024/10/20 05:56:23 ams3
simple 2024/10/20 05:56:24 ams3
simple 2024/10/20 05:56:24 ams3
simple 2024/10/20 05:56:24 ams3
simple 2024/10/20 05:56:25 ams3
simple 2024/10/20 05:56:25 ams3
simple 2024/10/20 05:56:25 ams3
simple 2024/10/20 05:56:26 ams3
simple 2024/10/20 05:56:27 ams3
simple 2024/10/20 05:56:27 ams3
simple 2024/10/20 05:56:27 ams3
simple 2024/10/20 05:56:30 
simple 2024/10/20 05:56:30 ams3
simple 2024/10/20 06:02:03 
simple 2024/10/20 06:02:03 ams3
simple 2024/10/20 06:02:08 ams3
simple 2024/10/20 06:02:08 ams3
simple 2024/10/20 06:02:08 ams3
simple 2024/10/20 06:02:09 ams3
simple 2024/10/20 06:02:09 ams3
simple 2024/10/20 06:02:10 ams3
simple 2024/10/20 06:02:10 ams3
simple 2024/10/20 06:02:10 ams3
simple 2024/10/20 06:02:10 ams3
simple 2024/10/20 06:02:11 ams3
simple 2024/10/20 06:02:14 ams3
simple 2024/10/20 06:02:14 ams3
simple 2024/10/20 06:02:15 ams3
simple 2024/10/20 06:02:16 ams3
simple 2024/10/20 06:02:16 ams3
simple 2024/10/20 06:02:16 ams3
simple 2024/10/20 06:02:16 ams3
simple 2024/10/20 06:02:17 ams3
simple 2024/10/20 06:02:17 ams3
simple 2024/10/20 06:02:17 ams3
simple 2024/10/20 06:02:17 ams3
simple 2024/10/20 06:02:17 ams3
simple 2024/10/20 06:02:18 ams3
simple 2024/10/20 06:02:18 ams3
simple 2024/10/20 06:02:18 ams3
simple 2024/10/20 06:02:18 ams3
simple 2024/10/20 06:02:19 ams3
simple 2024/10/20 06:02:19 ams3
simple 2024/10/20 06:02:19 ams3
simple 2024/10/20 06:02:19 ams3
simple 2024/10/20 06:02:19 ams3
simple 2024/10/20 06:02:20 ams3
simple 2024/10/20 06:02:20 ams3
simple 2024/10/20 06:02:20 ams3
simple 2024/10/20 06:02:21 ams3
simple 2024/10/20 06:02:21 ams3
simple 2024/10/20 06:02:21 ams3
simple 2024/10/20 06:02:21 ams3
simple 2024/10/20 06:02:22 ams3
simple 2024/10/20 06:02:22 ams3
simple 2024/10/20 06:02:22 ams3
simple 2024/10/20 06:02:22 ams3
simple 2024/10/20 06:02:23 ams3
simple 2024/10/20 06:02:23 fra1
simple 2024/10/20 06:02:25 fra1
simple 2024/10/20 06:02:25 fra1
simple 2024/10/20 06:02:26 fra1
simple 2024/10/20 06:02:27 fra1
simple 2024/10/20 06:02:28 fra1
simple 2024/10/20 06:02:28 fra1
simple 2024/10/20 06:02:28 fra1
simple 2024/10/20 06:08:19 
simple 2024/10/20 06:08:22 
simple 2024/10/20 06:08:23 
simple 2024/10/20 06:08:23 
simple 2024/10/20 06:08:23 
simple 2024/10/20 06:08:24 
simple 2024/10/20 06:08:26 
simple 2024/10/20 06:08:28 
simple 2024/10/20 06:08:28 nyc3
simple 2024/10/20 06:08:31 nyc3
simple 2024/10/20 06:08:32 nyc3
simple 2024/10/20 06:08:32 nyc3
simple 2024/10/20 06:08:32 nyc3
